<?xml version="1.0" encoding="UTF-8"?>
<!-- Generated by org.testng.reporters.JUnitXMLReporter -->
<testsuite ignored="2" hostname="LAPTOP-F1SH0AT3" failures="0" tests="1" name="Default test" time="0.034" errors="0" timestamp="2022-05-09T17:16:34 IST">
  <testcase classname="practice.Array" name="position" time="0.007"/>
  <testcase classname="practice.Array" name="occurance" time="0.0">
    <ignored/>
  </testcase> <!-- occurance -->
  <testcase classname="practice.Array" name="rev" time="0.0">
    <ignored/>
  </testcase> <!-- rev -->
</testsuite> <!-- Default test -->
