<?xml version="1.0" encoding="UTF-8"?>
<testng-results ignored="2" total="3" passed="1" failed="0" skipped="0">
  <reporter-output>
  </reporter-output>
  <suite started-at="2022-05-09T17:16:34 IST" name="Default suite" finished-at="2022-05-09T17:16:34 IST" duration-ms="34">
    <groups>
    </groups>
    <test started-at="2022-05-09T17:16:34 IST" name="Default test" finished-at="2022-05-09T17:16:34 IST" duration-ms="34">
      <class name="practice.Array">
        <test-method signature="position()[pri:0, instance:practice.Array@5f049ea1]" started-at="2022-05-09T17:16:34 IST" name="position" finished-at="2022-05-09T17:16:34 IST" duration-ms="7" status="PASS">
          <reporter-output>
          </reporter-output>
        </test-method> <!-- position -->
      </class> <!-- practice.Array -->
    </test> <!-- Default test -->
  </suite> <!-- Default suite -->
</testng-results>
