<?xml version="1.0" encoding="UTF-8"?>
<testng-results ignored="0" total="1" passed="1" failed="0" skipped="0">
  <reporter-output>
  </reporter-output>
  <suite started-at="2022-05-15T18:07:56 IST" name="Suite" finished-at="2022-05-15T18:08:10 IST" duration-ms="14755">
    <groups>
      <group name="smokeTest">
        <method signature="CreateContactTest.createContact()[pri:0, instance:com.crm.vtiger.contact.CreateContactTest@4d1bf319]" name="createContact" class="com.crm.vtiger.contact.CreateContactTest"/>
      </group> <!-- smokeTest -->
    </groups>
    <test started-at="2022-05-15T18:07:56 IST" name="Test" finished-at="2022-05-15T18:08:10 IST" duration-ms="14755">
      <class name="com.crm.vtiger.contact.CreateContactTest">
        <test-method is-config="true" signature="bs()[pri:0, instance:com.crm.vtiger.contact.CreateContactTest@4d1bf319]" started-at="2022-05-15T18:07:56 IST" name="bs" finished-at="2022-05-15T18:07:56 IST" duration-ms="6" status="PASS">
          <reporter-output>
          </reporter-output>
        </test-method> <!-- bs -->
        <test-method is-config="true" signature="bt()[pri:0, instance:com.crm.vtiger.contact.CreateContactTest@4d1bf319]" started-at="2022-05-15T18:07:56 IST" name="bt" finished-at="2022-05-15T18:07:56 IST" duration-ms="1" status="PASS">
          <reporter-output>
          </reporter-output>
        </test-method> <!-- bt -->
        <test-method is-config="true" signature="launchBrowser()[pri:0, instance:com.crm.vtiger.contact.CreateContactTest@4d1bf319]" started-at="2022-05-15T18:07:56 IST" name="launchBrowser" finished-at="2022-05-15T18:07:59 IST" duration-ms="3317" status="PASS">
          <reporter-output>
          </reporter-output>
        </test-method> <!-- launchBrowser -->
        <test-method is-config="true" signature="login()[pri:0, instance:com.crm.vtiger.contact.CreateContactTest@4d1bf319]" started-at="2022-05-15T18:07:59 IST" name="login" finished-at="2022-05-15T18:08:01 IST" duration-ms="2342" status="PASS">
          <reporter-output>
          </reporter-output>
        </test-method> <!-- login -->
        <test-method signature="createContact()[pri:0, instance:com.crm.vtiger.contact.CreateContactTest@4d1bf319]" started-at="2022-05-15T18:08:01 IST" name="createContact" finished-at="2022-05-15T18:08:09 IST" duration-ms="7641" status="PASS">
          <reporter-output>
          </reporter-output>
        </test-method> <!-- createContact -->
        <test-method is-config="true" signature="logout()[pri:0, instance:com.crm.vtiger.contact.CreateContactTest@4d1bf319]" started-at="2022-05-15T18:08:09 IST" name="logout" finished-at="2022-05-15T18:08:10 IST" duration-ms="1323" status="PASS">
          <reporter-output>
          </reporter-output>
        </test-method> <!-- logout -->
        <test-method is-config="true" signature="closeBrowser()[pri:0, instance:com.crm.vtiger.contact.CreateContactTest@4d1bf319]" started-at="2022-05-15T18:08:10 IST" name="closeBrowser" finished-at="2022-05-15T18:08:10 IST" duration-ms="106" status="PASS">
          <reporter-output>
          </reporter-output>
        </test-method> <!-- closeBrowser -->
        <test-method is-config="true" signature="at()[pri:0, instance:com.crm.vtiger.contact.CreateContactTest@4d1bf319]" started-at="2022-05-15T18:08:10 IST" name="at" finished-at="2022-05-15T18:08:10 IST" duration-ms="0" status="PASS">
          <reporter-output>
          </reporter-output>
        </test-method> <!-- at -->
        <test-method is-config="true" signature="as()[pri:0, instance:com.crm.vtiger.contact.CreateContactTest@4d1bf319]" started-at="2022-05-15T18:08:10 IST" name="as" finished-at="2022-05-15T18:08:10 IST" duration-ms="16" status="PASS">
          <reporter-output>
          </reporter-output>
        </test-method> <!-- as -->
      </class> <!-- com.crm.vtiger.contact.CreateContactTest -->
    </test> <!-- Test -->
  </suite> <!-- Suite -->
</testng-results>
