<?xml version="1.0" encoding="UTF-8"?>
<!-- Generated by org.testng.reporters.JUnitXMLReporter -->
<testsuite ignored="4" hostname="LAPTOP-F1SH0AT3" failures="0" tests="2" name="Test2" time="38.828" errors="0" timestamp="2022-05-08T18:33:04 IST">
  <testcase classname="com.crm.vtiger.organization.CreateOrganizationTest" name="createOrganization" time="6.875"/>
  <testcase classname="com.crm.vtiger.purchaseorder.CreatePurchaseOrderWithItemServicesUpwardSymbolTest" name="createPurchaseOrderWithItemServicesUpwardSymbolTest" time="21.18"/>
  <testcase classname="com.vtiger.comcast.genericUtility.BaseClass" name="@AfterTest at" time="0.0">
    <ignored/>
  </testcase> <!-- @AfterTest at -->
  <testcase classname="com.vtiger.comcast.genericUtility.BaseClass" name="@BeforeTest bt" time="0.0">
    <ignored/>
  </testcase> <!-- @BeforeTest bt -->
  <testcase classname="com.vtiger.comcast.genericUtility.BaseClass" name="@AfterSuite as" time="0.0">
    <ignored/>
  </testcase> <!-- @AfterSuite as -->
  <testcase classname="com.vtiger.comcast.genericUtility.BaseClass" name="@BeforeSuite bs" time="0.0">
    <ignored/>
  </testcase> <!-- @BeforeSuite bs -->
</testsuite> <!-- Test2 -->
