<?xml version="1.0" encoding="UTF-8"?>
<!-- Generated by org.testng.reporters.JUnitXMLReporter -->
<testsuite ignored="4" hostname="LAPTOP-F1SH0AT3" failures="0" tests="2" name="Test4" time="38.949" errors="0" timestamp="2022-05-08T18:33:05 IST">
  <testcase classname="com.crm.vtiger.organization.CreateOrganizationWithIndustryTypeTest" name="createOrganizationWithIndustryType" time="7.798"/>
  <testcase classname="com.crm.vtiger.purchaseorder.CreatePurchaseOrderWithItemServicesDownwardSymbolTest" name="createPurchaseOrderWithItemServicesDownwardSymbol" time="20.617"/>
  <testcase classname="com.vtiger.comcast.genericUtility.BaseClass" name="@AfterTest at" time="0.0">
    <ignored/>
  </testcase> <!-- @AfterTest at -->
  <testcase classname="com.vtiger.comcast.genericUtility.BaseClass" name="@BeforeTest bt" time="0.0">
    <ignored/>
  </testcase> <!-- @BeforeTest bt -->
  <testcase classname="com.vtiger.comcast.genericUtility.BaseClass" name="@AfterSuite as" time="0.0">
    <ignored/>
  </testcase> <!-- @AfterSuite as -->
  <testcase classname="com.vtiger.comcast.genericUtility.BaseClass" name="@BeforeSuite bs" time="0.0">
    <ignored/>
  </testcase> <!-- @BeforeSuite bs -->
</testsuite> <!-- Test4 -->
